#
# There is insufficient memory for the Java Runtime Environment to continue.
# Native memory allocation (mmap) failed to map 8388608 bytes for G1 virtual space
# Possible reasons:
#   The system is out of physical RAM or swap space
#   The process is running with CompressedOops enabled, and the Java Heap may be blocking the growth of the native heap
# Possible solutions:
#   Reduce memory load on the system
#   Increase physical memory or swap space
#   Check if swap backing store is full
#   Decrease Java heap size (-Xmx/-Xms)
#   Decrease number of Java threads
#   Decrease Java thread stack sizes (-Xss)
#   Set larger code cache with -XX:ReservedCodeCacheSize=
#   JVM is running with Unscaled Compressed Oops mode in which the Java heap is
#     placed in the first 4GB address space. The Java Heap base address is the
#     maximum limit for the native heap growth. Please use -XX:HeapBaseMinAddress
#     to set the Java Heap base and to place the Java Heap above 4GB virtual address.
# This output file may be truncated or incomplete.
#
#  Out of Memory Error (os_windows.cpp:3559), pid=6568, tid=16948
#
# JRE version:  (17.0.7+7) (build )
# Java VM: OpenJDK 64-Bit Server VM (17.0.7+7-LTS, mixed mode, sharing, tiered, compressed oops, compressed class ptrs, g1 gc, windows-amd64)
# No core dump will be written. Minidumps are not enabled by default on client versions of Windows
#

---------------  S U M M A R Y ------------

Command Line: -Dapplication.home=C:\Program Files\BellSoft\LibericaJDK-17 --add-modules=ALL-DEFAULT -Xms8m -Djdk.module.main=jdk.compiler jdk.compiler/com.sun.tools.javac.Main -d C:\Users\MINEDUCYT\Documents\Cosas Personales\apps\Swiss Knife\build\classes -classpath C:\Users\MINEDUCYT\Documents\Cosas Personales\apps\Swiss Knife\build\classes;C:\Users\MINEDUCYT\Documents\Cosas Personales\apps\VersusTournament\dist\lib\AbsoluteLayout.jar;C:\Users\MINEDUCYT\Downloads\itextpdf-5.5.13.3.jar;C:\Users\MINEDUCYT\Downloads\xmlworker-5.5.13.3.jar;C:\Users\MINEDUCYT\Downloads\commonmark-0.24.0.jar;C:\Users\MINEDUCYT\Downloads\jsoup-1.18.3.jar -sourcepath C:\Users\MINEDUCYT\Documents\Cosas Personales\apps\Swiss Knife\build\empty -target 17 -encoding UTF-8 -g -processorpath C:\Users\MINEDUCYT\Documents\Cosas Personales\apps\VersusTournament\dist\lib\AbsoluteLayout.jar;C:\Users\MINEDUCYT\Downloads\itextpdf-5.5.13.3.jar;C:\Users\MINEDUCYT\Downloads\xmlworker-5.5.13.3.jar;C:\Users\MINEDUCYT\Downloads\commonmark-0.24.0.jar;C:\Users\MINEDUCYT\Downloads\jsoup-1.18.3.jar;C:\Users\MINEDUCYT\Documents\Cosas Personales\apps\Swiss Knife\build\empty -s C:\Users\MINEDUCYT\Documents\Cosas Personales\apps\Swiss Knife\build\generated-sources\ap-source-output -source 17 C:\Users\MINEDUCYT\Documents\Cosas Personales\apps\Swiss Knife\src\ventanas\Calculadora.java C:\Users\MINEDUCYT\Documents\Cosas Personales\apps\Swiss Knife\src\ventanas\Conversor.java C:\Users\MINEDUCYT\Documents\Cosas Personales\apps\Swiss Knife\src\ventanas\Encontrar.java C:\Users\MINEDUCYT\Documents\Cosas Personales\apps\Swiss Knife\src\ventanas\Info.java C:\Users\MINEDUCYT\Documents\Cosas Personales\apps\Swiss Knife\src\ventanas\Inicio.java C:\Users\MINEDUCYT\Documents\Cosas Personales\apps\Swiss Knife\src\ventanas\MathMixer.java C:\Users\MINEDUCYT\Documents\Cosas Personales\apps\Swiss Knife\src\ventanas\Moneda.java C:\Users\MINEDUCYT\Documents\Cosas Personales\apps\Swiss Knife\src\ventanas\Paletas.java C:\Users\MINEDUCYT\Documents\Cosas Personales\apps\Swiss Knife\src\ventanas\Repetidor.java C:\Users\MINEDUCYT\Documents\Cosas Personales\apps\Swiss Knife\src\ventanas\Visualizador.java

Host: Intel(R) Celeron(R) N4120 CPU @ 1.10GHz, 4 cores, 3G,  Windows 10 , 64 bit Build 19041 (10.0.19041.5198)
Time: Tue Dec 24 21:58:23 2024 Hora estándar, América Central elapsed time: 0.064554 seconds (0d 0h 0m 0s)

---------------  T H R E A D  ---------------

Current thread (0x000002da645fc8a0):  JavaThread "Unknown thread" [_thread_in_vm, id=16948, stack(0x000000fe79400000,0x000000fe79500000)]

Stack: [0x000000fe79400000,0x000000fe79500000]
Native frames: (J=compiled Java code, j=interpreted, Vv=VM code, C=native code)
V  [jvm.dll+0x64b0fa]
V  [jvm.dll+0x7fe974]
V  [jvm.dll+0x80012e]
V  [jvm.dll+0x800783]
V  [jvm.dll+0x23682b]
V  [jvm.dll+0x647ffa]
V  [jvm.dll+0x63ca4a]
V  [jvm.dll+0x2f5539]
V  [jvm.dll+0x2fc6a6]
V  [jvm.dll+0x348bea]
V  [jvm.dll+0x348e2f]
V  [jvm.dll+0x2cbbc8]
V  [jvm.dll+0x2ccb59]
V  [jvm.dll+0x7d27b1]
V  [jvm.dll+0x3560c1]
V  [jvm.dll+0x7b2d8e]
V  [jvm.dll+0x3d35d3]
V  [jvm.dll+0x3d4fc1]
C  [jli.dll+0x51bf]
C  [ucrtbase.dll+0x21bb2]
C  [KERNEL32.DLL+0x17374]
C  [ntdll.dll+0x4cc91]


---------------  P R O C E S S  ---------------

Threads class SMR info:
_java_thread_list=0x00007ff8c08c3928, length=0, elements={
}

Java Threads: ( => current thread )

Other Threads:
  0x000002da64635c50 GCTaskThread "GC Thread#0" [stack: 0x000000fe79500000,0x000000fe79600000] [id=16696]
  0x000002da6463f530 ConcurrentGCThread "G1 Main Marker" [stack: 0x000000fe79600000,0x000000fe79700000] [id=6796]
  0x000002da64641260 ConcurrentGCThread "G1 Conc#0" [stack: 0x000000fe79700000,0x000000fe79800000] [id=6820]

[error occurred during error reporting (printing all threads), id 0xc0000005, EXCEPTION_ACCESS_VIOLATION (0xc0000005) at pc=0x00007ff8c00ace17]

VM state: not at safepoint (not fully initialized)

VM Mutex/Monitor currently owned by a thread:  ([mutex/lock_event])
[0x000002da645f7260] Heap_lock - owner thread: 0x000002da645fc8a0

Heap address: 0x00000000c2c00000, size: 980 MB, Compressed Oops mode: 32-bit

CDS archive(s) mapped at: [0x0000000000000000-0x0000000000000000-0x0000000000000000), size 0, SharedBaseAddress: 0x0000000800000000, ArchiveRelocationMode: 0.
Narrow klass base: 0x0000000000000000, Narrow klass shift: 0, Narrow klass range: 0x0

GC Precious Log:
<Empty>

Heap:
 garbage-first heap   total 0K, used 0K [0x00000000c2c00000, 0x0000000100000000)
  region size 1024K, 0 young (0K), 0 survivors (0K)

[error occurred during error reporting (printing heap information), id 0xc0000005, EXCEPTION_ACCESS_VIOLATION (0xc0000005) at pc=0x00007ff8c0472fd9]

GC Heap History (0 events):
No events

Dll operation events (1 events):
Event: 0.034 Loaded shared library C:\Program Files\BellSoft\LibericaJDK-17\bin\java.dll

Deoptimization events (0 events):
No events

Classes unloaded (0 events):
No events

Classes redefined (0 events):
No events

Internal exceptions (0 events):
No events

VM Operations (0 events):
No events

Events (0 events):
No events


Dynamic libraries:
0x00007ff74ffa0000 - 0x00007ff74ffa7000 	C:\Program Files\BellSoft\LibericaJDK-17\bin\javac.exe
0x00007ff92ee70000 - 0x00007ff92f068000 	C:\WINDOWS\SYSTEM32\ntdll.dll
0x00007ff92e160000 - 0x00007ff92e222000 	C:\WINDOWS\System32\KERNEL32.DLL
0x00007ff92c940000 - 0x00007ff92cc3e000 	C:\WINDOWS\System32\KERNELBASE.dll
0x00007ff92c840000 - 0x00007ff92c940000 	C:\WINDOWS\System32\ucrtbase.dll
0x00007ff9268b0000 - 0x00007ff9268c5000 	C:\Program Files\BellSoft\LibericaJDK-17\bin\VCRUNTIME140.dll
0x00007ff9230d0000 - 0x00007ff9230e7000 	C:\Program Files\BellSoft\LibericaJDK-17\bin\jli.dll
0x00007ff92e350000 - 0x00007ff92e4ed000 	C:\WINDOWS\System32\USER32.dll
0x00007ff92c6c0000 - 0x00007ff92c6e2000 	C:\WINDOWS\System32\win32u.dll
0x00007ff92ec60000 - 0x00007ff92ec8b000 	C:\WINDOWS\System32\GDI32.dll
0x00007ff92c5a0000 - 0x00007ff92c6b7000 	C:\WINDOWS\System32\gdi32full.dll
0x00007ff92c7a0000 - 0x00007ff92c83d000 	C:\WINDOWS\System32\msvcp_win.dll
0x00007ff918c20000 - 0x00007ff918eba000 	C:\WINDOWS\WinSxS\amd64_microsoft.windows.common-controls_6595b64144ccf1df_6.0.19041.4355_none_60b8b9eb71f62e16\COMCTL32.dll
0x00007ff92ce90000 - 0x00007ff92cf2e000 	C:\WINDOWS\System32\msvcrt.dll
0x00007ff92cf30000 - 0x00007ff92cf5f000 	C:\WINDOWS\System32\IMM32.DLL
0x00007ff8fdc70000 - 0x00007ff8fdd0b000 	C:\Program Files\BellSoft\LibericaJDK-17\bin\msvcp140.dll
0x00007ff8bfdd0000 - 0x00007ff8c09f2000 	C:\Program Files\BellSoft\LibericaJDK-17\bin\server\jvm.dll
0x00007ff92dda0000 - 0x00007ff92de51000 	C:\WINDOWS\System32\ADVAPI32.dll
0x00007ff92de60000 - 0x00007ff92deff000 	C:\WINDOWS\System32\sechost.dll
0x00007ff92ead0000 - 0x00007ff92ebf3000 	C:\WINDOWS\System32\RPCRT4.dll
0x00007ff92cc40000 - 0x00007ff92cc67000 	C:\WINDOWS\System32\bcrypt.dll
0x00007ff926920000 - 0x00007ff926929000 	C:\WINDOWS\SYSTEM32\WSOCK32.dll
0x00007ff92dc50000 - 0x00007ff92dcbb000 	C:\WINDOWS\System32\WS2_32.dll
0x00007ff912870000 - 0x00007ff912897000 	C:\WINDOWS\SYSTEM32\WINMM.dll
0x00007ff921f30000 - 0x00007ff921f3a000 	C:\WINDOWS\SYSTEM32\VERSION.dll
0x00007ff92ad30000 - 0x00007ff92ad42000 	C:\WINDOWS\SYSTEM32\kernel.appcore.dll
0x00007ff9268e0000 - 0x00007ff9268ea000 	C:\Program Files\BellSoft\LibericaJDK-17\bin\jimage.dll
0x00007ff92aa50000 - 0x00007ff92ac34000 	C:\WINDOWS\SYSTEM32\DBGHELP.DLL
0x00007ff8ffdb0000 - 0x00007ff8ffde4000 	C:\WINDOWS\SYSTEM32\dbgcore.DLL
0x00007ff92c510000 - 0x00007ff92c592000 	C:\WINDOWS\System32\bcryptPrimitives.dll
0x00007ff9259d0000 - 0x00007ff9259f5000 	C:\Program Files\BellSoft\LibericaJDK-17\bin\java.dll

dbghelp: loaded successfully - version: 4.0.5 - missing functions: none
symbol engine: initialized successfully - sym options: 0x614 - pdb path: .;C:\Program Files\BellSoft\LibericaJDK-17\bin;C:\WINDOWS\SYSTEM32;C:\WINDOWS\WinSxS\amd64_microsoft.windows.common-controls_6595b64144ccf1df_6.0.19041.4355_none_60b8b9eb71f62e16;C:\Program Files\BellSoft\LibericaJDK-17\bin\server

VM Arguments:
jvm_args: -Dapplication.home=C:\Program Files\BellSoft\LibericaJDK-17 --add-modules=ALL-DEFAULT -Xms8m -Djdk.module.main=jdk.compiler 
java_command: jdk.compiler/com.sun.tools.javac.Main -d C:\Users\MINEDUCYT\Documents\Cosas Personales\apps\Swiss Knife\build\classes -classpath C:\Users\MINEDUCYT\Documents\Cosas Personales\apps\Swiss Knife\build\classes;C:\Users\MINEDUCYT\Documents\Cosas Personales\apps\VersusTournament\dist\lib\AbsoluteLayout.jar;C:\Users\MINEDUCYT\Downloads\itextpdf-5.5.13.3.jar;C:\Users\MINEDUCYT\Downloads\xmlworker-5.5.13.3.jar;C:\Users\MINEDUCYT\Downloads\commonmark-0.24.0.jar;C:\Users\MINEDUCYT\Downloads\jsoup-1.18.3.jar -sourcepath C:\Users\MINEDUCYT\Documents\Cosas Personales\apps\Swiss Knife\build\empty -target 17 -encoding UTF-8 -g -processorpath C:\Users\MINEDUCYT\Documents\Cosas Personales\apps\VersusTournament\dist\lib\AbsoluteLayout.jar;C:\Users\MINEDUCYT\Downloads\itextpdf-5.5.13.3.jar;C:\Users\MINEDUCYT\Downloads\xmlworker-5.5.13.3.jar;C:\Users\MINEDUCYT\Downloads\commonmark-0.24.0.jar;C:\Users\MINEDUCYT\Downloads\jsoup-1.18.3.jar;C:\Users\MINEDUCYT\Documents\Cosas Personales\apps\Swiss Knife\build\empty -s C:\Users\MINEDUCYT\Documents\Cosas Personales\apps\Swiss Knife\build\generated-sources\ap-source-output -source 17 C:\Users\MINEDUCYT\Documents\Cosas Personales\apps\Swiss Knife\src\ventanas\Calculadora.java C:\Users\MINEDUCYT\Documents\Cosas Personales\apps\Swiss Knife\src\ventanas\Conversor.java C:\Users\MINEDUCYT\Documents\Cosas Personales\apps\Swiss Knife\src\ventanas\Encontrar.java C:\Users\MINEDUCYT\Documents\Cosas Personales\apps\Swiss Knife\src\ventanas\Info.java C:\Users\MINEDUCYT\Documents\Cosas Personales\apps\Swiss Knife\src\ventanas\Inicio.java C:\Users\MINEDUCYT\Documents\Cosas Personales\apps\Swiss Knife\src\ventanas\MathMixer.java C:\Users\MINEDUCYT\Documents\Cosas Personales\apps\Swiss Knife\src\ventanas\Moneda.java C:\Users\MINEDUCYT\Documents\Cosas Personales\apps\Swiss Knife\src\ventanas\Paletas.java C:\Users\MINEDUCYT\Documents\Cosas Personales\apps\Swiss Knife\src\ventanas\Repetidor.java C:\Users\MINEDUCYT\Documents\Cosas Personales\apps\Sw
java_class_path (initial): <not set>
Launcher Type: SUN_STANDARD

[Global flags]
     intx CICompilerCount                          = 3                                         {product} {ergonomic}
     uint ConcGCThreads                            = 1                                         {product} {ergonomic}
     uint G1ConcRefinementThreads                  = 4                                         {product} {ergonomic}
   size_t G1HeapRegionSize                         = 1048576                                   {product} {ergonomic}
    uintx GCDrainStackTargetSize                   = 64                                        {product} {ergonomic}
   size_t InitialHeapSize                          = 8388608                                   {product} {command line}
   size_t MarkStackSize                            = 4194304                                   {product} {ergonomic}
   size_t MaxHeapSize                              = 1027604480                                {product} {ergonomic}
   size_t MinHeapDeltaBytes                        = 1048576                                   {product} {ergonomic}
   size_t MinHeapSize                              = 8388608                                   {product} {command line}
    uintx NonNMethodCodeHeapSize                   = 5832780                                {pd product} {ergonomic}
    uintx NonProfiledCodeHeapSize                  = 122912730                              {pd product} {ergonomic}
    uintx ProfiledCodeHeapSize                     = 122912730                              {pd product} {ergonomic}
    uintx ReservedCodeCacheSize                    = 251658240                              {pd product} {ergonomic}
     bool SegmentedCodeCache                       = true                                      {product} {ergonomic}
   size_t SoftMaxHeapSize                          = 1027604480                             {manageable} {ergonomic}
     bool UseCompressedClassPointers               = true                           {product lp64_product} {ergonomic}
     bool UseCompressedOops                        = true                           {product lp64_product} {ergonomic}
     bool UseG1GC                                  = true                                      {product} {ergonomic}
     bool UseLargePagesIndividualAllocation        = false                                  {pd product} {ergonomic}

Logging:
Log output configuration:
 #0: stdout all=warning uptime,level,tags
 #1: stderr all=off uptime,level,tags

Environment Variables:
JAVA_HOME=C:\Program Files\BellSoft\LibericaJDK-17\
PATH=C:\Ruby32-x64\bin;C:\Program Files\BellSoft\LibericaJDK-17\bin\;C:\Program Files\Common Files\Oracle\Java\javapath;C:\Program Files (x86)\Common Files\Oracle\Java\javapath;"C:\Users\MINEDUCYT\AppData\Roaming\java\bin;";C:\WINDOWS\system32;C:\WINDOWS;C:\WINDOWS\System32\Wbem;C:\WINDOWS\System32\WindowsPowerShell\v1.0\;C:\WINDOWS\System32\OpenSSH\;C:\Program Files\Microsoft SQL Server\130\Tools\Binn\;C:\Program Files\Microsoft SQL Server\Client SDK\ODBC\170\Tools\Binn\;C:\Program Files (x86)\Microsoft SQL Server\150\Tools\Binn\;C:\Program Files\Microsoft SQL Server\150\Tools\Binn\;C:\Program Files\Microsoft SQL Server\150\DTS\Binn\;C:\Program Files (x86)\Microsoft SQL Server\150\DTS\Binn\;C:\Program Files\Azure Data Studio\bin;C:\Program Files\dotnet\;C:\Program Files\nodejs\;C:\Program Files\Git\cmd;C:\Program Files (x86)\Lua\5.1;C:\Program Files (x86)\Lua\5.1\clibs;C:\RailsInstaller\Git\cmd;C:\RailsInstaller\Ruby2.2.0\bin;C:\Users\MINEDUCYT\AppData\Local\Microsoft\WindowsApps;C:\Users\MINEDUCYT\AppData\Local\Programs\Microsoft VS Code\bin;C:\Program Files\Azure Data Studio\bin;C:\Users\MINEDUCYT\.dotnet\tools;C:\Users\MINEDUCYT\AppData\Roaming\npm;C:\xampp\php
USERNAME=MINEDUCYT
OS=Windows_NT
PROCESSOR_IDENTIFIER=Intel64 Family 6 Model 122 Stepping 8, GenuineIntel
TMP=C:\Users\MINEDU~1\AppData\Local\Temp
TEMP=C:\Users\MINEDU~1\AppData\Local\Temp



---------------  S Y S T E M  ---------------

OS:
 Windows 10 , 64 bit Build 19041 (10.0.19041.5198)
OS uptime: 1 days 12:36 hours

CPU: total 4 (initial active 4) (4 cores per cpu, 1 threads per core) family 6 model 122 stepping 8 microcode 0x16, cx8, cmov, fxsr, mmx, 3dnowpref, sse, sse2, sse3, ssse3, sse4.1, sse4.2, popcnt, tsc, tscinvbit, aes, erms, clmul, sha, clflush, clflushopt

Memory: 4k page, system-wide physical 3917M (157M free)
TotalPageFile size 9580M (AvailPageFile size 11M)
current process WorkingSet (physical memory assigned to process): 10M, peak: 10M
current process commit charge ("private bytes"): 51M, peak: 59M

vm_info: OpenJDK 64-Bit Server VM (17.0.7+7-LTS) for windows-amd64 JRE (17.0.7+7-LTS), built on Apr 18 2023 18:14:44 by "" with MS VC++ 15.9 (VS2017)

END.
