#
# There is insufficient memory for the Java Runtime Environment to continue.
# Native memory allocation (malloc) failed to allocate 769456 bytes for Chunk::new
# Possible reasons:
#   The system is out of physical RAM or swap space
#   The process is running with CompressedOops enabled, and the Java Heap may be blocking the growth of the native heap
# Possible solutions:
#   Reduce memory load on the system
#   Increase physical memory or swap space
#   Check if swap backing store is full
#   Decrease Java heap size (-Xmx/-Xms)
#   Decrease number of Java threads
#   Decrease Java thread stack sizes (-Xss)
#   Set larger code cache with -XX:ReservedCodeCacheSize=
#   JVM is running with Unscaled Compressed Oops mode in which the Java heap is
#     placed in the first 4GB address space. The Java Heap base address is the
#     maximum limit for the native heap growth. Please use -XX:HeapBaseMinAddress
#     to set the Java Heap base and to place the Java Heap above 4GB virtual address.
# This output file may be truncated or incomplete.
#
#  Out of Memory Error (arena.cpp:189), pid=15940, tid=13268
#
# JRE version: OpenJDK Runtime Environment (17.0.7+7) (build 17.0.7+7-LTS)
# Java VM: OpenJDK 64-Bit Server VM (17.0.7+7-LTS, mixed mode, sharing, tiered, compressed oops, compressed class ptrs, g1 gc, windows-amd64)
# No core dump will be written. Minidumps are not enabled by default on client versions of Windows
#

---------------  S U M M A R Y ------------

Command Line: -Dfile.encoding=UTF-8 --module-path=C:\Users\MINEDUCYT\Documents\Cosas Personales\apps\Swiss Knife\build\classes ventanas.Inicio

Host: Intel(R) Celeron(R) N4120 CPU @ 1.10GHz, 4 cores, 3G,  Windows 10 , 64 bit Build 19041 (10.0.19041.5072)
Time: Sat Nov 30 16:00:04 2024 Hora estándar, América Central elapsed time: 17.184448 seconds (0d 0h 0m 17s)

---------------  T H R E A D  ---------------

Current thread (0x0000015b628f8270):  JavaThread "C2 CompilerThread0" daemon [_thread_in_native, id=13268, stack(0x0000000101300000,0x0000000101400000)]


Current CompileTask:
C2:  17184 2958       4       com.itextpdf.text.pdf.TrueTypeFont::getAllNames (345 bytes)

Stack: [0x0000000101300000,0x0000000101400000]
Native frames: (J=compiled Java code, j=interpreted, Vv=VM code, C=native code)
V  [jvm.dll+0x64b0fa]
V  [jvm.dll+0x7fe974]
V  [jvm.dll+0x80012e]
V  [jvm.dll+0x800783]
V  [jvm.dll+0x23682b]
V  [jvm.dll+0xbd2bc]
V  [jvm.dll+0xbd89c]
V  [jvm.dll+0x29dd72]
V  [jvm.dll+0x559a38]
V  [jvm.dll+0x2133cb]
V  [jvm.dll+0x20c700]
V  [jvm.dll+0x209f72]
V  [jvm.dll+0x19a07d]
V  [jvm.dll+0x21947d]
V  [jvm.dll+0x2176c4]
V  [jvm.dll+0x7b78ab]
V  [jvm.dll+0x7b1e5a]
V  [jvm.dll+0x649f65]
C  [ucrtbase.dll+0x21bb2]
C  [KERNEL32.DLL+0x17374]
C  [ntdll.dll+0x4cc91]


---------------  P R O C E S S  ---------------

Threads class SMR info:
_java_thread_list=0x0000015b69825d40, length=17, elements={
0x0000015b628ded80, 0x0000015b628dfbf0, 0x0000015b628f35c0, 0x0000015b628f4170,
0x0000015b628f6b30, 0x0000015b628f74e0, 0x0000015b628f8270, 0x0000015b628fad20,
0x0000015b62978360, 0x0000015b628c9d90, 0x0000015b62c06390, 0x0000015b62d9f4a0,
0x0000015b62d9f970, 0x0000015b62d9fe40, 0x0000015b62df48b0, 0x0000015b474efd40,
0x0000015b62e8bb80
}

Java Threads: ( => current thread )
  0x0000015b628ded80 JavaThread "Reference Handler" daemon [_thread_blocked, id=500, stack(0x0000000100d00000,0x0000000100e00000)]
  0x0000015b628dfbf0 JavaThread "Finalizer" daemon [_thread_blocked, id=6460, stack(0x0000000100e00000,0x0000000100f00000)]
  0x0000015b628f35c0 JavaThread "Signal Dispatcher" daemon [_thread_blocked, id=6048, stack(0x0000000100f00000,0x0000000101000000)]
  0x0000015b628f4170 JavaThread "Attach Listener" daemon [_thread_blocked, id=9724, stack(0x0000000101000000,0x0000000101100000)]
  0x0000015b628f6b30 JavaThread "Service Thread" daemon [_thread_blocked, id=964, stack(0x0000000101100000,0x0000000101200000)]
  0x0000015b628f74e0 JavaThread "Monitor Deflation Thread" daemon [_thread_blocked, id=12688, stack(0x0000000101200000,0x0000000101300000)]
=>0x0000015b628f8270 JavaThread "C2 CompilerThread0" daemon [_thread_in_native, id=13268, stack(0x0000000101300000,0x0000000101400000)]
  0x0000015b628fad20 JavaThread "C1 CompilerThread0" daemon [_thread_blocked, id=9824, stack(0x0000000101400000,0x0000000101500000)]
  0x0000015b62978360 JavaThread "Sweeper thread" daemon [_thread_blocked, id=3432, stack(0x0000000101500000,0x0000000101600000)]
  0x0000015b628c9d90 JavaThread "Common-Cleaner" daemon [_thread_blocked, id=5108, stack(0x0000000101600000,0x0000000101700000)]
  0x0000015b62c06390 JavaThread "Notification Thread" daemon [_thread_blocked, id=12400, stack(0x0000000101700000,0x0000000101800000)]
  0x0000015b62d9f4a0 JavaThread "Java2D Disposer" daemon [_thread_blocked, id=13448, stack(0x0000000101900000,0x0000000101a00000)]
  0x0000015b62d9f970 JavaThread "AWT-Shutdown" [_thread_blocked, id=15120, stack(0x0000000101a00000,0x0000000101b00000)]
  0x0000015b62d9fe40 JavaThread "AWT-Windows" daemon [_thread_in_native, id=6564, stack(0x0000000101b00000,0x0000000101c00000)]
  0x0000015b62df48b0 JavaThread "AWT-EventQueue-0" [_thread_in_Java, id=3412, stack(0x0000000101c00000,0x0000000101d00000)]
  0x0000015b474efd40 JavaThread "DestroyJavaVM" [_thread_blocked, id=7536, stack(0x0000000100600000,0x0000000100700000)]
  0x0000015b62e8bb80 JavaThread "TimerQueue" daemon [_thread_blocked, id=7888, stack(0x0000000101d00000,0x0000000101e00000)]

Other Threads:
  0x0000015b628dc190 VMThread "VM Thread" [stack: 0x0000000100c00000,0x0000000100d00000] [id=15768]
  0x0000015b47536a90 WatcherThread [stack: 0x0000000101800000,0x0000000101900000] [id=7920]
  0x0000015b47526670 GCTaskThread "GC Thread#0" [stack: 0x0000000100700000,0x0000000100800000] [id=1260]
  0x0000015b68602670 GCTaskThread "GC Thread#1" [stack: 0x0000000102300000,0x0000000102400000] [id=4360]
  0x0000015b68878bc0 GCTaskThread "GC Thread#2" [stack: 0x0000000102400000,0x0000000102500000] [id=13060]
  0x0000015b6862db80 GCTaskThread "GC Thread#3" [stack: 0x0000000102500000,0x0000000102600000] [id=8440]
  0x0000015b4752f030 ConcurrentGCThread "G1 Main Marker" [stack: 0x0000000100800000,0x0000000100900000] [id=6824]
  0x0000015b4752fa40 ConcurrentGCThread "G1 Conc#0" [stack: 0x0000000100900000,0x0000000100a00000] [id=3096]
  0x0000015b475aa4b0 ConcurrentGCThread "G1 Refine#0" [stack: 0x0000000100a00000,0x0000000100b00000] [id=692]
  0x0000015b475aaed0 ConcurrentGCThread "G1 Service" [stack: 0x0000000100b00000,0x0000000100c00000] [id=12892]

Threads with active compile tasks:
C2 CompilerThread0    17234 2958       4       com.itextpdf.text.pdf.TrueTypeFont::getAllNames (345 bytes)

VM state: not at safepoint (normal execution)

VM Mutex/Monitor currently owned by a thread: None

Heap address: 0x00000000c2c00000, size: 980 MB, Compressed Oops mode: 32-bit

CDS archive(s) mapped at: [0x0000000800000000-0x0000000800bc0000-0x0000000800bc0000), size 12320768, SharedBaseAddress: 0x0000000800000000, ArchiveRelocationMode: 0.
Compressed class space mapped at: 0x0000000801000000-0x0000000841000000, reserved size: 1073741824
Narrow klass base: 0x0000000800000000, Narrow klass shift: 0, Narrow klass range: 0x100000000

GC Precious Log:
 CPUs: 4 total, 4 available
 Memory: 3917M
 Large Page Support: Disabled
 NUMA Support: Disabled
 Compressed Oops: Enabled (32-bit)
 Heap Region Size: 1M
 Heap Min Capacity: 8M
 Heap Initial Capacity: 62M
 Heap Max Capacity: 980M
 Pre-touch: Disabled
 Parallel Workers: 4
 Concurrent Workers: 1
 Concurrent Refinement Workers: 4
 Periodic GC: Disabled

Heap:
 garbage-first heap   total 63488K, used 41012K [0x00000000c2c00000, 0x0000000100000000)
  region size 1024K, 13 young (13312K), 1 survivors (1024K)
 Metaspace       used 15224K, committed 15488K, reserved 1114112K
  class space    used 1614K, committed 1728K, reserved 1048576K

Heap Regions: E=young(eden), S=young(survivor), O=old, HS=humongous(starts), HC=humongous(continues), CS=collection set, F=free, OA=open archive, CA=closed archive, TAMS=top-at-mark-start (previous, next)
|   0|0x00000000c2c00000, 0x00000000c2d00000, 0x00000000c2d00000|100%|HS|  |TAMS 0x00000000c2d00000, 0x00000000c2c00000| Complete 
|   1|0x00000000c2d00000, 0x00000000c2e00000, 0x00000000c2e00000|100%|HS|  |TAMS 0x00000000c2e00000, 0x00000000c2d00000| Complete 
|   2|0x00000000c2e00000, 0x00000000c2f00000, 0x00000000c2f00000|100%|HC|  |TAMS 0x00000000c2f00000, 0x00000000c2e00000| Complete 
|   3|0x00000000c2f00000, 0x00000000c3000000, 0x00000000c3000000|100%|HS|  |TAMS 0x00000000c3000000, 0x00000000c2f00000| Complete 
|   4|0x00000000c3000000, 0x00000000c3100000, 0x00000000c3100000|100%|HC|  |TAMS 0x00000000c3100000, 0x00000000c3000000| Complete 
|   5|0x00000000c3100000, 0x00000000c3200000, 0x00000000c3200000|100%| O|  |TAMS 0x00000000c3200000, 0x00000000c3100000| Untracked 
|   6|0x00000000c3200000, 0x00000000c3300000, 0x00000000c3300000|100%| O|  |TAMS 0x00000000c3300000, 0x00000000c3200000| Untracked 
|   7|0x00000000c3300000, 0x00000000c3400000, 0x00000000c3400000|100%|HS|  |TAMS 0x00000000c3400000, 0x00000000c3300000| Complete 
|   8|0x00000000c3400000, 0x00000000c3500000, 0x00000000c3500000|100%|HC|  |TAMS 0x00000000c3500000, 0x00000000c3400000| Complete 
|   9|0x00000000c3500000, 0x00000000c3600000, 0x00000000c3600000|100%|HS|  |TAMS 0x00000000c3600000, 0x00000000c3500000| Complete 
|  10|0x00000000c3600000, 0x00000000c3700000, 0x00000000c3700000|100%|HC|  |TAMS 0x00000000c3700000, 0x00000000c3600000| Complete 
|  11|0x00000000c3700000, 0x00000000c3800000, 0x00000000c3800000|100%|HS|  |TAMS 0x00000000c3800000, 0x00000000c3700000| Complete 
|  12|0x00000000c3800000, 0x00000000c3900000, 0x00000000c3900000|100%|HC|  |TAMS 0x00000000c3900000, 0x00000000c3800000| Complete 
|  13|0x00000000c3900000, 0x00000000c3a00000, 0x00000000c3a00000|100%|HS|  |TAMS 0x00000000c3a00000, 0x00000000c3900000| Complete 
|  14|0x00000000c3a00000, 0x00000000c3b00000, 0x00000000c3b00000|100%|HC|  |TAMS 0x00000000c3b00000, 0x00000000c3a00000| Complete 
|  15|0x00000000c3b00000, 0x00000000c3c00000, 0x00000000c3c00000|100%|HS|  |TAMS 0x00000000c3c00000, 0x00000000c3b00000| Complete 
|  16|0x00000000c3c00000, 0x00000000c3d00000, 0x00000000c3d00000|100%|HC|  |TAMS 0x00000000c3d00000, 0x00000000c3c00000| Complete 
|  17|0x00000000c3d00000, 0x00000000c3e00000, 0x00000000c3e00000|100%|HS|  |TAMS 0x00000000c3e00000, 0x00000000c3d00000| Complete 
|  18|0x00000000c3e00000, 0x00000000c3f00000, 0x00000000c3f00000|100%|HC|  |TAMS 0x00000000c3f00000, 0x00000000c3e00000| Complete 
|  19|0x00000000c3f00000, 0x00000000c4000000, 0x00000000c4000000|100%|HC|  |TAMS 0x00000000c4000000, 0x00000000c3f00000| Complete 
|  20|0x00000000c4000000, 0x00000000c4100000, 0x00000000c4100000|100%|HS|  |TAMS 0x00000000c4100000, 0x00000000c4000000| Complete 
|  21|0x00000000c4100000, 0x00000000c4200000, 0x00000000c4200000|100%|HC|  |TAMS 0x00000000c4200000, 0x00000000c4100000| Complete 
|  22|0x00000000c4200000, 0x00000000c4300000, 0x00000000c4300000|100%|HC|  |TAMS 0x00000000c4300000, 0x00000000c4200000| Complete 
|  23|0x00000000c4300000, 0x00000000c4400000, 0x00000000c4400000|100%| O|  |TAMS 0x00000000c4400000, 0x00000000c4300000| Untracked 
|  24|0x00000000c4400000, 0x00000000c4500000, 0x00000000c4500000|100%| O|  |TAMS 0x00000000c4500000, 0x00000000c4400000| Untracked 
|  25|0x00000000c4500000, 0x00000000c4600000, 0x00000000c4600000|100%| O|  |TAMS 0x00000000c4600000, 0x00000000c4500000| Untracked 
|  26|0x00000000c4600000, 0x00000000c4700000, 0x00000000c4700000|100%| O|  |TAMS 0x00000000c4700000, 0x00000000c4600000| Untracked 
|  27|0x00000000c4700000, 0x00000000c4800000, 0x00000000c4800000|100%| O|  |TAMS 0x00000000c4800000, 0x00000000c4700000| Untracked 
|  28|0x00000000c4800000, 0x00000000c483d800, 0x00000000c4900000| 24%| O|  |TAMS 0x00000000c483d800, 0x00000000c4800000| Untracked 
|  29|0x00000000c4900000, 0x00000000c4900000, 0x00000000c4a00000|  0%| F|  |TAMS 0x00000000c4900000, 0x00000000c4900000| Untracked 
|  30|0x00000000c4a00000, 0x00000000c4a00000, 0x00000000c4b00000|  0%| F|  |TAMS 0x00000000c4a00000, 0x00000000c4a00000| Untracked 
|  31|0x00000000c4b00000, 0x00000000c4b00000, 0x00000000c4c00000|  0%| F|  |TAMS 0x00000000c4b00000, 0x00000000c4b00000| Untracked 
|  32|0x00000000c4c00000, 0x00000000c4c00000, 0x00000000c4d00000|  0%| F|  |TAMS 0x00000000c4c00000, 0x00000000c4c00000| Untracked 
|  33|0x00000000c4d00000, 0x00000000c4d00000, 0x00000000c4e00000|  0%| F|  |TAMS 0x00000000c4d00000, 0x00000000c4d00000| Untracked 
|  34|0x00000000c4e00000, 0x00000000c4e00000, 0x00000000c4f00000|  0%| F|  |TAMS 0x00000000c4e00000, 0x00000000c4e00000| Untracked 
|  35|0x00000000c4f00000, 0x00000000c4f00000, 0x00000000c5000000|  0%| F|  |TAMS 0x00000000c4f00000, 0x00000000c4f00000| Untracked 
|  36|0x00000000c5000000, 0x00000000c5000000, 0x00000000c5100000|  0%| F|  |TAMS 0x00000000c5000000, 0x00000000c5000000| Untracked 
|  37|0x00000000c5100000, 0x00000000c5100000, 0x00000000c5200000|  0%| F|  |TAMS 0x00000000c5100000, 0x00000000c5100000| Untracked 
|  38|0x00000000c5200000, 0x00000000c5200000, 0x00000000c5300000|  0%| F|  |TAMS 0x00000000c5200000, 0x00000000c5200000| Untracked 
|  39|0x00000000c5300000, 0x00000000c5300000, 0x00000000c5400000|  0%| F|  |TAMS 0x00000000c5300000, 0x00000000c5300000| Untracked 
|  40|0x00000000c5400000, 0x00000000c5400000, 0x00000000c5500000|  0%| F|  |TAMS 0x00000000c5400000, 0x00000000c5400000| Untracked 
|  41|0x00000000c5500000, 0x00000000c5500000, 0x00000000c5600000|  0%| F|  |TAMS 0x00000000c5500000, 0x00000000c5500000| Untracked 
|  42|0x00000000c5600000, 0x00000000c5600000, 0x00000000c5700000|  0%| F|  |TAMS 0x00000000c5600000, 0x00000000c5600000| Untracked 
|  43|0x00000000c5700000, 0x00000000c57cf8e0, 0x00000000c5800000| 81%| S|CS|TAMS 0x00000000c5700000, 0x00000000c5700000| Complete 
|  44|0x00000000c5800000, 0x00000000c5800000, 0x00000000c5900000|  0%| F|  |TAMS 0x00000000c5800000, 0x00000000c5800000| Untracked 
|  45|0x00000000c5900000, 0x00000000c5900000, 0x00000000c5a00000|  0%| F|  |TAMS 0x00000000c5900000, 0x00000000c5900000| Untracked 
|  46|0x00000000c5a00000, 0x00000000c5a00000, 0x00000000c5b00000|  0%| F|  |TAMS 0x00000000c5a00000, 0x00000000c5a00000| Untracked 
|  47|0x00000000c5b00000, 0x00000000c5b00000, 0x00000000c5c00000|  0%| F|  |TAMS 0x00000000c5b00000, 0x00000000c5b00000| Untracked 
|  48|0x00000000c5c00000, 0x00000000c5c00000, 0x00000000c5d00000|  0%| F|  |TAMS 0x00000000c5c00000, 0x00000000c5c00000| Untracked 
|  49|0x00000000c5d00000, 0x00000000c5d00000, 0x00000000c5e00000|  0%| F|  |TAMS 0x00000000c5d00000, 0x00000000c5d00000| Untracked 
|  50|0x00000000c5e00000, 0x00000000c5ea5160, 0x00000000c5f00000| 64%| E|  |TAMS 0x00000000c5e00000, 0x00000000c5e00000| Complete 
|  51|0x00000000c5f00000, 0x00000000c6000000, 0x00000000c6000000|100%| E|CS|TAMS 0x00000000c5f00000, 0x00000000c5f00000| Complete 
|  52|0x00000000c6000000, 0x00000000c6100000, 0x00000000c6100000|100%| E|CS|TAMS 0x00000000c6000000, 0x00000000c6000000| Complete 
|  53|0x00000000c6100000, 0x00000000c6200000, 0x00000000c6200000|100%| E|CS|TAMS 0x00000000c6100000, 0x00000000c6100000| Complete 
|  54|0x00000000c6200000, 0x00000000c6300000, 0x00000000c6300000|100%| E|CS|TAMS 0x00000000c6200000, 0x00000000c6200000| Complete 
|  55|0x00000000c6300000, 0x00000000c6400000, 0x00000000c6400000|100%| E|CS|TAMS 0x00000000c6300000, 0x00000000c6300000| Complete 
|  56|0x00000000c6400000, 0x00000000c6500000, 0x00000000c6500000|100%| E|CS|TAMS 0x00000000c6400000, 0x00000000c6400000| Complete 
|  57|0x00000000c6500000, 0x00000000c6600000, 0x00000000c6600000|100%| E|CS|TAMS 0x00000000c6500000, 0x00000000c6500000| Complete 
|  58|0x00000000c6600000, 0x00000000c6700000, 0x00000000c6700000|100%| E|CS|TAMS 0x00000000c6600000, 0x00000000c6600000| Complete 
|  59|0x00000000c6700000, 0x00000000c6800000, 0x00000000c6800000|100%| E|CS|TAMS 0x00000000c6700000, 0x00000000c6700000| Complete 
|  60|0x00000000c6800000, 0x00000000c6900000, 0x00000000c6900000|100%| E|CS|TAMS 0x00000000c6800000, 0x00000000c6800000| Complete 
|  61|0x00000000c6900000, 0x00000000c6a00000, 0x00000000c6a00000|100%| E|CS|TAMS 0x00000000c6900000, 0x00000000c6900000| Complete 

Card table byte_map: [0x0000015b5e1f0000,0x0000015b5e3e0000] _byte_map_base: 0x0000015b5dbda000

Marking Bits (Prev, Next): (CMBitMap*) 0x0000015b47526cc0, (CMBitMap*) 0x0000015b47526c80
 Prev Bits: [0x0000015b5f520000, 0x0000015b60470000)
 Next Bits: [0x0000015b5e5d0000, 0x0000015b5f520000)

Polling page: 0x0000015b45390000

Metaspace:

Usage:
  Non-class:     13.29 MB used.
      Class:      1.58 MB used.
       Both:     14.87 MB used.

Virtual space:
  Non-class space:       64.00 MB reserved,      13.44 MB ( 21%) committed,  1 nodes.
      Class space:        1.00 GB reserved,       1.69 MB ( <1%) committed,  1 nodes.
             Both:        1.06 GB reserved,      15.13 MB (  1%) committed. 

Chunk freelists:
   Non-Class:  1.90 MB
       Class:  14.14 MB
        Both:  16.04 MB

MaxMetaspaceSize: unlimited
CompressedClassSpaceSize: 1.00 GB
Initial GC threshold: 21.00 MB
Current GC threshold: 25.25 MB
CDS: on
MetaspaceReclaimPolicy: balanced
 - commit_granule_bytes: 65536.
 - commit_granule_words: 8192.
 - virtual_space_node_default_size: 8388608.
 - enlarge_chunks_in_place: 1.
 - new_chunks_are_fully_committed: 0.
 - uncommit_free_chunks: 1.
 - use_allocation_guard: 0.
 - handle_deallocations: 1.


Internal statistics:

num_allocs_failed_limit: 0.
num_arena_births: 160.
num_arena_deaths: 0.
num_vsnodes_births: 2.
num_vsnodes_deaths: 0.
num_space_committed: 242.
num_space_uncommitted: 0.
num_chunks_returned_to_freelist: 0.
num_chunks_taken_from_freelist: 312.
num_chunk_merges: 0.
num_chunk_splits: 187.
num_chunks_enlarged: 90.
num_inconsistent_stats: 0.

CodeHeap 'non-profiled nmethods': size=120000Kb used=1358Kb max_used=1358Kb free=118642Kb
 bounds [0x0000015b56ad0000, 0x0000015b56d40000, 0x0000015b5e000000]
CodeHeap 'profiled nmethods': size=120000Kb used=5848Kb max_used=5848Kb free=114151Kb
 bounds [0x0000015b4f000000, 0x0000015b4f5c0000, 0x0000015b56530000]
CodeHeap 'non-nmethods': size=5760Kb used=1371Kb max_used=1414Kb free=4388Kb
 bounds [0x0000015b56530000, 0x0000015b567a0000, 0x0000015b56ad0000]
 total_blobs=3674 nmethods=2946 adapters=640
 compilation: enabled
              stopped_count=0, restarted_count=0
 full_count=0

Compilation events (20 events):
Event: 15.431 Thread 0x0000015b628fad20 nmethod 2948 0x0000015b4f5b0e10 code [0x0000015b4f5b1040, 0x0000015b4f5b16e8]
Event: 15.563 Thread 0x0000015b628f8270 2949   !   4       java.lang.ref.ReferenceQueue::poll (28 bytes)
Event: 15.569 Thread 0x0000015b628f8270 nmethod 2949 0x0000015b56c17290 code [0x0000015b56c17420, 0x0000015b56c17988]
Event: 15.620 Thread 0x0000015b628fad20 2950       3       java.lang.reflect.Method::specificToStringHeader (44 bytes)
Event: 15.621 Thread 0x0000015b628fad20 nmethod 2950 0x0000015b4f5b1990 code [0x0000015b4f5b1bc0, 0x0000015b4f5b20a8]
Event: 15.621 Thread 0x0000015b628fad20 2951   !   3       sun.nio.ch.FileChannelImpl::implCloseChannel (169 bytes)
Event: 15.622 Thread 0x0000015b628fad20 nmethod 2951 0x0000015b4f5b2310 code [0x0000015b4f5b2680, 0x0000015b4f5b3ca8]
Event: 15.622 Thread 0x0000015b628fad20 2952  s!   3       sun.nio.ch.NativeThreadSet::signalAndWait (134 bytes)
Event: 15.623 Thread 0x0000015b628fad20 nmethod 2952 0x0000015b4f5b4410 code [0x0000015b4f5b4600, 0x0000015b4f5b4c78]
Event: 15.623 Thread 0x0000015b628fad20 2953       3       java.io.RandomAccessFile$1::close (11 bytes)
Event: 15.623 Thread 0x0000015b628fad20 nmethod 2953 0x0000015b4f5b4f10 code [0x0000015b4f5b50e0, 0x0000015b4f5b55d8]
Event: 15.695 Thread 0x0000015b628f8270 2954 %     4       com.itextpdf.text.pdf.TrueTypeFont::getAllNames @ 107 (345 bytes)
Event: 16.166 Thread 0x0000015b628f8270 nmethod 2954% 0x0000015b56c17a90 code [0x0000015b56c17f40, 0x0000015b56c1e1c8]
Event: 16.167 Thread 0x0000015b628f8270 2955       4       java.lang.StringUTF16::newBytesFor (61 bytes)
Event: 16.169 Thread 0x0000015b628f8270 nmethod 2955 0x0000015b56c22e10 code [0x0000015b56c22fa0, 0x0000015b56c230f8]
Event: 16.523 Thread 0x0000015b628fad20 2956       3       java.util.ArrayList::add (65 bytes)
Event: 16.524 Thread 0x0000015b628fad20 nmethod 2956 0x0000015b4f5b5810 code [0x0000015b4f5b5a20, 0x0000015b4f5b60d8]
Event: 16.762 Thread 0x0000015b628f8270 2957       4       java.lang.AbstractStringBuilder::inflate (42 bytes)
Event: 16.766 Thread 0x0000015b628f8270 nmethod 2957 0x0000015b56c23190 code [0x0000015b56c23320, 0x0000015b56c23698]
Event: 17.052 Thread 0x0000015b628f8270 2958       4       com.itextpdf.text.pdf.TrueTypeFont::getAllNames (345 bytes)

GC Heap History (10 events):
Event: 3.260 GC heap before
{Heap before GC invocations=0 (full 0):
 garbage-first heap   total 63488K, used 17408K [0x00000000c2c00000, 0x0000000100000000)
  region size 1024K, 13 young (13312K), 0 survivors (0K)
 Metaspace       used 9908K, committed 10048K, reserved 1114112K
  class space    used 1187K, committed 1280K, reserved 1048576K
}
Event: 3.270 GC heap after
{Heap after GC invocations=1 (full 0):
 garbage-first heap   total 63488K, used 8444K [0x00000000c2c00000, 0x0000000100000000)
  region size 1024K, 2 young (2048K), 2 survivors (2048K)
 Metaspace       used 9908K, committed 10048K, reserved 1114112K
  class space    used 1187K, committed 1280K, reserved 1048576K
}
Event: 5.410 GC heap before
{Heap before GC invocations=1 (full 0):
 garbage-first heap   total 63488K, used 37116K [0x00000000c2c00000, 0x0000000100000000)
  region size 1024K, 15 young (15360K), 2 survivors (2048K)
 Metaspace       used 11704K, committed 11904K, reserved 1114112K
  class space    used 1358K, committed 1472K, reserved 1048576K
}
Event: 5.416 GC heap after
{Heap after GC invocations=2 (full 0):
 garbage-first heap   total 63488K, used 26802K [0x00000000c2c00000, 0x0000000100000000)
  region size 1024K, 2 young (2048K), 2 survivors (2048K)
 Metaspace       used 11704K, committed 11904K, reserved 1114112K
  class space    used 1358K, committed 1472K, reserved 1048576K
}
Event: 10.559 GC heap before
{Heap before GC invocations=2 (full 0):
 garbage-first heap   total 63488K, used 39090K [0x00000000c2c00000, 0x0000000100000000)
  region size 1024K, 15 young (15360K), 2 survivors (2048K)
 Metaspace       used 13939K, committed 14144K, reserved 1114112K
  class space    used 1508K, committed 1600K, reserved 1048576K
}
Event: 10.564 GC heap after
{Heap after GC invocations=3 (full 0):
 garbage-first heap   total 63488K, used 28932K [0x00000000c2c00000, 0x0000000100000000)
  region size 1024K, 2 young (2048K), 2 survivors (2048K)
 Metaspace       used 13939K, committed 14144K, reserved 1114112K
  class space    used 1508K, committed 1600K, reserved 1048576K
}
Event: 12.099 GC heap before
{Heap before GC invocations=3 (full 0):
 garbage-first heap   total 63488K, used 42244K [0x00000000c2c00000, 0x0000000100000000)
  region size 1024K, 16 young (16384K), 2 survivors (2048K)
 Metaspace       used 15130K, committed 15360K, reserved 1114112K
  class space    used 1614K, committed 1728K, reserved 1048576K
}
Event: 12.103 GC heap after
{Heap after GC invocations=4 (full 0):
 garbage-first heap   total 63488K, used 29581K [0x00000000c2c00000, 0x0000000100000000)
  region size 1024K, 1 young (1024K), 1 survivors (1024K)
 Metaspace       used 15130K, committed 15360K, reserved 1114112K
  class space    used 1614K, committed 1728K, reserved 1048576K
}
Event: 15.206 GC heap before
{Heap before GC invocations=4 (full 0):
 garbage-first heap   total 63488K, used 46989K [0x00000000c2c00000, 0x0000000100000000)
  region size 1024K, 18 young (18432K), 1 survivors (1024K)
 Metaspace       used 15220K, committed 15424K, reserved 1114112K
  class space    used 1614K, committed 1728K, reserved 1048576K
}
Event: 15.209 GC heap after
{Heap after GC invocations=5 (full 0):
 garbage-first heap   total 63488K, used 29748K [0x00000000c2c00000, 0x0000000100000000)
  region size 1024K, 1 young (1024K), 1 survivors (1024K)
 Metaspace       used 15220K, committed 15424K, reserved 1114112K
  class space    used 1614K, committed 1728K, reserved 1048576K
}

Dll operation events (11 events):
Event: 0.027 Loaded shared library C:\Program Files\BellSoft\LibericaJDK-17\bin\java.dll
Event: 0.050 Loaded shared library C:\Program Files\BellSoft\LibericaJDK-17\bin\jsvml.dll
Event: 0.209 Loaded shared library C:\Program Files\BellSoft\LibericaJDK-17\bin\net.dll
Event: 0.213 Loaded shared library C:\Program Files\BellSoft\LibericaJDK-17\bin\nio.dll
Event: 0.301 Loaded shared library C:\Program Files\BellSoft\LibericaJDK-17\bin\zip.dll
Event: 0.337 Loaded shared library C:\Program Files\BellSoft\LibericaJDK-17\bin\jimage.dll
Event: 0.372 Loaded shared library C:\Program Files\BellSoft\LibericaJDK-17\bin\awt.dll
Event: 0.633 Loaded shared library C:\Program Files\BellSoft\LibericaJDK-17\bin\freetype.dll
Event: 0.636 Loaded shared library C:\Program Files\BellSoft\LibericaJDK-17\bin\fontmanager.dll
Event: 1.132 Loaded shared library C:\Program Files\BellSoft\LibericaJDK-17\bin\javajpeg.dll
Event: 10.311 Loaded shared library C:\Program Files\BellSoft\LibericaJDK-17\bin\verify.dll

Deoptimization events (20 events):
Event: 10.949 Thread 0x0000015b62df48b0 DEOPT PACKING pc=0x0000015b56bd7748 sp=0x0000000101cfdd30
Event: 10.949 Thread 0x0000015b62df48b0 DEOPT UNPACKING pc=0x0000015b5658699d sp=0x0000000101cfdc08 mode 2
Event: 11.087 Thread 0x0000015b62df48b0 DEOPT PACKING pc=0x0000015b4f4d3bc7 sp=0x0000000101cfdb80
Event: 11.087 Thread 0x0000015b62df48b0 DEOPT UNPACKING pc=0x0000015b56587124 sp=0x0000000101cfd008 mode 0
Event: 11.163 Thread 0x0000015b62df48b0 DEOPT PACKING pc=0x0000015b4f4419d6 sp=0x0000000101cfda70
Event: 11.163 Thread 0x0000015b62df48b0 DEOPT UNPACKING pc=0x0000015b56587124 sp=0x0000000101cfcef8 mode 0
Event: 12.650 Thread 0x0000015b62df48b0 DEOPT PACKING pc=0x0000015b4f4f2b4c sp=0x0000000101cfdb20
Event: 12.651 Thread 0x0000015b62df48b0 DEOPT UNPACKING pc=0x0000015b56587124 sp=0x0000000101cfd0f0 mode 0
Event: 12.757 Thread 0x0000015b62df48b0 DEOPT PACKING pc=0x0000015b4f51df47 sp=0x0000000101cfdcc0
Event: 12.757 Thread 0x0000015b62df48b0 DEOPT UNPACKING pc=0x0000015b56587124 sp=0x0000000101cfd268 mode 0
Event: 12.971 Thread 0x0000015b62df48b0 DEOPT PACKING pc=0x0000015b4f51df47 sp=0x0000000101cfdaf0
Event: 12.971 Thread 0x0000015b62df48b0 DEOPT UNPACKING pc=0x0000015b56587124 sp=0x0000000101cfd098 mode 0
Event: 13.234 Thread 0x0000015b62df48b0 DEOPT PACKING pc=0x0000015b4f51df47 sp=0x0000000101cfdcc0
Event: 13.234 Thread 0x0000015b62df48b0 DEOPT UNPACKING pc=0x0000015b56587124 sp=0x0000000101cfd268 mode 0
Event: 14.182 Thread 0x0000015b62df48b0 Uncommon trap: trap_request=0xffffff45 fr.pc=0x0000015b56c12ba0 relative=0x0000000000000200
Event: 14.182 Thread 0x0000015b62df48b0 Uncommon trap: reason=unstable_if action=reinterpret pc=0x0000015b56c12ba0 method=java.lang.String.startsWith(Ljava/lang/String;I)Z @ 131 c2
Event: 14.182 Thread 0x0000015b62df48b0 DEOPT PACKING pc=0x0000015b56c12ba0 sp=0x0000000101cfdff0
Event: 14.182 Thread 0x0000015b62df48b0 DEOPT UNPACKING pc=0x0000015b5658699d sp=0x0000000101cfdf50 mode 2
Event: 17.052 Thread 0x0000015b62df48b0 DEOPT PACKING pc=0x0000015b4f523615 sp=0x0000000101cfdb20
Event: 17.052 Thread 0x0000015b62df48b0 DEOPT UNPACKING pc=0x0000015b56587124 sp=0x0000000101cfd0f8 mode 0

Classes unloaded (0 events):
No events

Classes redefined (0 events):
No events

Internal exceptions (20 events):
Event: 0.758 Thread 0x0000015b474efd40 Exception <a 'java/lang/ClassNotFoundException'{0x00000000c65b3128}: Tree> (0x00000000c65b3128) 
thrown [s\src\hotspot\share\classfile\systemDictionary.cpp, line 256]
Event: 0.758 Thread 0x0000015b474efd40 Exception <a 'java/lang/ClassNotFoundException'{0x00000000c65b3498}: javax/swing/JTreeCell> (0x00000000c65b3498) 
thrown [s\src\hotspot\share\classfile\systemDictionary.cpp, line 256]
Event: 0.758 Thread 0x0000015b474efd40 Exception <a 'java/lang/ClassNotFoundException'{0x00000000c65b3798}: TreeCell> (0x00000000c65b3798) 
thrown [s\src\hotspot\share\classfile\systemDictionary.cpp, line 256]
Event: 0.759 Thread 0x0000015b474efd40 Exception <a 'java/lang/ClassNotFoundException'{0x00000000c65b3f58}: RootPane> (0x00000000c65b3f58) 
thrown [s\src\hotspot\share\classfile\systemDictionary.cpp, line 256]
Event: 0.762 Thread 0x0000015b474efd40 Exception <a 'java/lang/ClassNotFoundException'{0x00000000c65b6da8}: com/sun/swing/internal/plaf/metal/resources/spi/metalProvider> (0x00000000c65b6da8) 
thrown [s\src\hotspot\share\classfile\systemDictionary.cpp, line 256]
Event: 0.763 Thread 0x0000015b474efd40 Exception <a 'java/lang/ClassNotFoundException'{0x00000000c65bb528}: com/sun/swing/internal/plaf/basic/resources/spi/basicProvider> (0x00000000c65bb528) 
thrown [s\src\hotspot\share\classfile\systemDictionary.cpp, line 256]
Event: 0.811 Thread 0x0000015b62df48b0 Exception <a 'java/lang/ClassNotFoundException'{0x00000000c649a8f8}: com/sun/swing/internal/plaf/synth/resources/spi/synthProvider> (0x00000000c649a8f8) 
thrown [s\src\hotspot\share\classfile\systemDictionary.cpp, line 256]
Event: 0.978 Thread 0x0000015b62d9fe40 Exception <a 'java/lang/NoSuchMethodError'{0x00000000c660f790}: 'void java.lang.invoke.DirectMethodHandle$Holder.invokeVirtual(java.lang.Object, java.lang.Object)'> (0x00000000c660f790) 
thrown [s\src\hotspot\share\interpreter\linkResolver.cpp, line 759]
Event: 1.004 Thread 0x0000015b62df48b0 Exception <a 'java/lang/NoSuchMethodError'{0x00000000c63cda40}: 'void java.lang.invoke.DirectMethodHandle$Holder.invokeStaticInit(java.lang.Object)'> (0x00000000c63cda40) 
thrown [s\src\hotspot\share\interpreter\linkResolver.cpp, line 759]
Event: 1.138 Thread 0x0000015b685d53c0 Exception <a 'java/lang/NoSuchMethodError'{0x00000000c624f1f8}: 'java.lang.Object java.lang.invoke.DirectMethodHandle$Holder.newInvokeSpecial(java.lang.Object, java.lang.Object, java.lang.Object, int, int, int, int, int)'> (0x00000000c624f1f8) 
thrown [s\src\hotspot\share\interpreter\linkResolver.cpp, line 759]
Event: 3.069 Thread 0x0000015b685d53c0 Exception <a 'java/io/FileNotFoundException'{0x00000000c60dabe0}> (0x00000000c60dabe0) 
thrown [s\src\hotspot\share\prims\jni.cpp, line 516]
Event: 3.069 Thread 0x0000015b685d3210 Exception <a 'java/io/FileNotFoundException'{0x00000000c5f11c30}> (0x00000000c5f11c30) 
thrown [s\src\hotspot\share\prims\jni.cpp, line 516]
Event: 3.069 Thread 0x0000015b685d53c0 Exception <a 'java/io/FileNotFoundException'{0x00000000c60dafb0}> (0x00000000c60dafb0) 
thrown [s\src\hotspot\share\prims\jni.cpp, line 516]
Event: 4.162 Thread 0x0000015b685d3210 Implicit null exception at 0x0000015b56b08cbf to 0x0000015b56b0ad00
Event: 5.123 Thread 0x0000015b62df48b0 Implicit null exception at 0x0000015b56aefe8f to 0x0000015b56aeff09
Event: 8.631 Thread 0x0000015b62df48b0 Exception <a 'java/lang/NoSuchMethodError'{0x00000000c6659d08}: 'void java.lang.invoke.DirectMethodHandle$Holder.invokeSpecial(java.lang.Object, java.lang.Object, java.lang.Object, java.lang.Object, java.lang.Object)'> (0x00000000c6659d08) 
thrown [s\src\hotspot\share\interpreter\linkResolver.cpp, line 759]
Event: 10.720 Thread 0x0000015b62df48b0 Exception <a 'java/lang/NoSuchMethodError'{0x00000000c6748da8}: 'java.lang.Object java.lang.invoke.Invokers$Holder.invoke_MT(java.lang.Object, java.lang.Object, java.lang.Object)'> (0x00000000c6748da8) 
thrown [s\src\hotspot\share\interpreter\linkResolver.cpp, line 759]
Event: 10.730 Thread 0x0000015b62df48b0 Exception <a 'java/lang/NoSuchMethodError'{0x00000000c6760cb8}: 'java.lang.Object java.lang.invoke.DirectMethodHandle$Holder.invokeInterface(java.lang.Object, java.lang.Object)'> (0x00000000c6760cb8) 
thrown [s\src\hotspot\share\interpreter\linkResolver.cpp, line 759]
Event: 10.730 Thread 0x0000015b62df48b0 Exception <a 'java/lang/IncompatibleClassChangeError'{0x00000000c6764758}: Found class java.lang.Object, but interface was expected> (0x00000000c6764758) 
thrown [s\src\hotspot\share\interpreter\linkResolver.cpp, line 826]
Event: 17.160 Thread 0x0000015b62df48b0 Exception <a 'java/io/IOException'{0x00000000c5ff9928}> (0x00000000c5ff9928) 
thrown [s\src\hotspot\share\prims\jni.cpp, line 516]

VM Operations (20 events):
Event: 10.624 Executing VM operation: HandshakeAllThreads
Event: 10.624 Executing VM operation: HandshakeAllThreads done
Event: 11.634 Executing VM operation: Cleanup
Event: 11.634 Executing VM operation: Cleanup done
Event: 12.099 Executing VM operation: G1CollectForAllocation
Event: 12.103 Executing VM operation: G1CollectForAllocation done
Event: 13.111 Executing VM operation: Cleanup
Event: 13.111 Executing VM operation: Cleanup done
Event: 14.122 Executing VM operation: Cleanup
Event: 14.123 Executing VM operation: Cleanup done
Event: 15.124 Executing VM operation: Cleanup
Event: 15.124 Executing VM operation: Cleanup done
Event: 15.206 Executing VM operation: G1CollectForAllocation
Event: 15.209 Executing VM operation: G1CollectForAllocation done
Event: 15.229 Executing VM operation: G1Concurrent
Event: 15.233 Executing VM operation: G1Concurrent done
Event: 15.240 Executing VM operation: G1Concurrent
Event: 15.240 Executing VM operation: G1Concurrent done
Event: 16.241 Executing VM operation: Cleanup
Event: 16.241 Executing VM operation: Cleanup done

Events (20 events):
Event: 10.722 loading class jdk/internal/access/foreign/UnmapperProxy
Event: 10.722 loading class jdk/internal/access/foreign/UnmapperProxy done
Event: 10.722 loading class sun/nio/ch/FileChannelImpl$Unmapper done
Event: 10.722 loading class sun/nio/ch/FileChannelImpl$DefaultUnmapper done
Event: 10.722 loading class sun/nio/ch/Util$4
Event: 10.722 loading class sun/nio/ch/Util$4 done
Event: 10.723 loading class jdk/internal/access/foreign/MemorySegmentProxy
Event: 10.723 loading class jdk/internal/access/foreign/MemorySegmentProxy done
Event: 10.728 loading class java/nio/FloatBuffer
Event: 10.728 loading class java/nio/FloatBuffer done
Event: 10.728 loading class java/nio/DoubleBuffer
Event: 10.729 loading class java/nio/DoubleBuffer done
Event: 10.732 loading class java/lang/reflect/InaccessibleObjectException
Event: 10.732 loading class java/lang/reflect/InaccessibleObjectException done
Event: 10.947 loading class jdk/internal/reflect/BootstrapConstructorAccessorImpl
Event: 10.947 loading class jdk/internal/reflect/BootstrapConstructorAccessorImpl done
Event: 10.950 loading class java/lang/ConditionalSpecialCasing
Event: 10.951 loading class java/lang/ConditionalSpecialCasing done
Event: 10.951 loading class java/lang/ConditionalSpecialCasing$Entry
Event: 10.951 loading class java/lang/ConditionalSpecialCasing$Entry done


Dynamic libraries:
0x00007ff724160000 - 0x00007ff72416d000 	C:\Program Files\BellSoft\LibericaJDK-17\bin\java.exe
0x00007ffca0170000 - 0x00007ffca0368000 	C:\WINDOWS\SYSTEM32\ntdll.dll
0x00007ffc9ff30000 - 0x00007ffc9fff2000 	C:\WINDOWS\System32\KERNEL32.DLL
0x00007ffc9d9d0000 - 0x00007ffc9dcce000 	C:\WINDOWS\System32\KERNELBASE.dll
0x00007ffc9df70000 - 0x00007ffc9e070000 	C:\WINDOWS\System32\ucrtbase.dll
0x00007ffc93ab0000 - 0x00007ffc93ac5000 	C:\Program Files\BellSoft\LibericaJDK-17\bin\VCRUNTIME140.dll
0x00007ffc93a90000 - 0x00007ffc93aa7000 	C:\Program Files\BellSoft\LibericaJDK-17\bin\jli.dll
0x00007ffc9f610000 - 0x00007ffc9f7ad000 	C:\WINDOWS\System32\USER32.dll
0x00007ffc9d9a0000 - 0x00007ffc9d9c2000 	C:\WINDOWS\System32\win32u.dll
0x00007ffc8dce0000 - 0x00007ffc8df7a000 	C:\WINDOWS\WinSxS\amd64_microsoft.windows.common-controls_6595b64144ccf1df_6.0.19041.4355_none_60b8b9eb71f62e16\COMCTL32.dll
0x00007ffc9f880000 - 0x00007ffc9f8ab000 	C:\WINDOWS\System32\GDI32.dll
0x00007ffc9fdb0000 - 0x00007ffc9fe4e000 	C:\WINDOWS\System32\msvcrt.dll
0x00007ffc9e070000 - 0x00007ffc9e187000 	C:\WINDOWS\System32\gdi32full.dll
0x00007ffc9d810000 - 0x00007ffc9d8ad000 	C:\WINDOWS\System32\msvcp_win.dll
0x00007ffc9fac0000 - 0x00007ffc9faef000 	C:\WINDOWS\System32\IMM32.DLL
0x00007ffc6ef70000 - 0x00007ffc6f00b000 	C:\Program Files\BellSoft\LibericaJDK-17\bin\msvcp140.dll
0x00007ffc2a460000 - 0x00007ffc2b082000 	C:\Program Files\BellSoft\LibericaJDK-17\bin\server\jvm.dll
0x00007ffc9e790000 - 0x00007ffc9e841000 	C:\WINDOWS\System32\ADVAPI32.dll
0x00007ffca0000000 - 0x00007ffca009f000 	C:\WINDOWS\System32\sechost.dll
0x00007ffc9f4e0000 - 0x00007ffc9f603000 	C:\WINDOWS\System32\RPCRT4.dll
0x00007ffc9d920000 - 0x00007ffc9d947000 	C:\WINDOWS\System32\bcrypt.dll
0x00007ffc95c10000 - 0x00007ffc95c19000 	C:\WINDOWS\SYSTEM32\WSOCK32.dll
0x00007ffc9fd40000 - 0x00007ffc9fdab000 	C:\WINDOWS\System32\WS2_32.dll
0x00007ffc96740000 - 0x00007ffc9674a000 	C:\WINDOWS\SYSTEM32\VERSION.dll
0x00007ffc844e0000 - 0x00007ffc84507000 	C:\WINDOWS\SYSTEM32\WINMM.dll
0x00007ffc9c030000 - 0x00007ffc9c042000 	C:\WINDOWS\SYSTEM32\kernel.appcore.dll
0x00007ffc952c0000 - 0x00007ffc952ca000 	C:\Program Files\BellSoft\LibericaJDK-17\bin\jimage.dll
0x00007ffc9bd50000 - 0x00007ffc9bf34000 	C:\WINDOWS\SYSTEM32\DBGHELP.DLL
0x00007ffc94620000 - 0x00007ffc94654000 	C:\WINDOWS\SYSTEM32\dbgcore.DLL
0x00007ffc9dd80000 - 0x00007ffc9de02000 	C:\WINDOWS\System32\bcryptPrimitives.dll
0x00007ffc91320000 - 0x00007ffc91345000 	C:\Program Files\BellSoft\LibericaJDK-17\bin\java.dll
0x00007ffc5a160000 - 0x00007ffc5a236000 	C:\Program Files\BellSoft\LibericaJDK-17\bin\jsvml.dll
0x00007ffc9ed70000 - 0x00007ffc9f4dd000 	C:\WINDOWS\System32\SHELL32.dll
0x00007ffc9b4d0000 - 0x00007ffc9bc74000 	C:\WINDOWS\SYSTEM32\windows.storage.dll
0x00007ffc9e420000 - 0x00007ffc9e773000 	C:\WINDOWS\System32\combase.dll
0x00007ffc9d170000 - 0x00007ffc9d19e000 	C:\WINDOWS\SYSTEM32\Wldp.dll
0x00007ffc9fc70000 - 0x00007ffc9fd3d000 	C:\WINDOWS\System32\OLEAUT32.dll
0x00007ffc9f7d0000 - 0x00007ffc9f87d000 	C:\WINDOWS\System32\SHCORE.dll
0x00007ffc9f8b0000 - 0x00007ffc9f905000 	C:\WINDOWS\System32\shlwapi.dll
0x00007ffc9d740000 - 0x00007ffc9d764000 	C:\WINDOWS\SYSTEM32\profapi.dll
0x00007ffc93990000 - 0x00007ffc939a9000 	C:\Program Files\BellSoft\LibericaJDK-17\bin\net.dll
0x00007ffc930f0000 - 0x00007ffc931fd000 	C:\WINDOWS\SYSTEM32\WINHTTP.dll
0x00007ffc9ced0000 - 0x00007ffc9cf3a000 	C:\WINDOWS\system32\mswsock.dll
0x00007ffc91150000 - 0x00007ffc91165000 	C:\Program Files\BellSoft\LibericaJDK-17\bin\nio.dll
0x00007ffc80300000 - 0x00007ffc80318000 	C:\Program Files\BellSoft\LibericaJDK-17\bin\zip.dll
0x00007ffc2f2c0000 - 0x00007ffc2f469000 	C:\Program Files\BellSoft\LibericaJDK-17\bin\awt.dll
0x00007ffc9a360000 - 0x00007ffc9a3f4000 	C:\WINDOWS\SYSTEM32\apphelp.dll
0x00007ffc9a6f0000 - 0x00007ffc9a78e000 	C:\WINDOWS\system32\uxtheme.dll
0x00007ffc9faf0000 - 0x00007ffc9fc05000 	C:\WINDOWS\System32\MSCTF.dll
0x00007ffc9e270000 - 0x00007ffc9e39b000 	C:\WINDOWS\System32\ole32.dll
0x00007ffc9a930000 - 0x00007ffc9a95f000 	C:\WINDOWS\system32\DWMAPI.DLL
0x00007ffc72800000 - 0x00007ffc72883000 	C:\Program Files\BellSoft\LibericaJDK-17\bin\freetype.dll
0x00007ffc59ff0000 - 0x00007ffc5a0b2000 	C:\Program Files\BellSoft\LibericaJDK-17\bin\fontmanager.dll
0x00007ffc8c250000 - 0x00007ffc8c378000 	C:\WINDOWS\system32\opengl32.dll
0x00007ffc8ac10000 - 0x00007ffc8ac3c000 	C:\WINDOWS\SYSTEM32\GLU32.dll
0x00007ffc9e850000 - 0x00007ffc9e8f9000 	C:\WINDOWS\System32\clbcatq.dll
0x00007ffc9a530000 - 0x00007ffc9a6e4000 	C:\WINDOWS\SYSTEM32\WindowsCodecs.dll
0x00007ffc63ad0000 - 0x00007ffc63b0e000 	C:\WINDOWS\system32\dataexchange.dll
0x00007ffc98bc0000 - 0x00007ffc98e23000 	C:\WINDOWS\system32\d3d11.dll
0x00007ffc99850000 - 0x00007ffc99a34000 	C:\WINDOWS\system32\dcomp.dll
0x00007ffc9c0a0000 - 0x00007ffc9c196000 	C:\WINDOWS\system32\dxgi.dll
0x00007ffc95450000 - 0x00007ffc95653000 	C:\WINDOWS\system32\twinapi.appcore.dll
0x00007ffc937d0000 - 0x00007ffc937fd000 	C:\Program Files\BellSoft\LibericaJDK-17\bin\javajpeg.dll
0x00007ffc820e0000 - 0x00007ffc821d9000 	C:\WINDOWS\SYSTEM32\textinputframework.dll
0x00007ffc9a120000 - 0x00007ffc9a212000 	C:\WINDOWS\System32\CoreMessaging.dll
0x00007ffc99a40000 - 0x00007ffc99d9b000 	C:\WINDOWS\System32\CoreUIComponents.dll
0x00007ffc98a60000 - 0x00007ffc98bb7000 	C:\WINDOWS\SYSTEM32\wintypes.dll
0x00007ffc9ca40000 - 0x00007ffc9ca73000 	C:\WINDOWS\SYSTEM32\ntmarta.dll
0x00007ffc802f0000 - 0x00007ffc80300000 	C:\Program Files\BellSoft\LibericaJDK-17\bin\verify.dll

dbghelp: loaded successfully - version: 4.0.5 - missing functions: none
symbol engine: initialized successfully - sym options: 0x614 - pdb path: .;C:\Program Files\BellSoft\LibericaJDK-17\bin;C:\WINDOWS\SYSTEM32;C:\WINDOWS\WinSxS\amd64_microsoft.windows.common-controls_6595b64144ccf1df_6.0.19041.4355_none_60b8b9eb71f62e16;C:\Program Files\BellSoft\LibericaJDK-17\bin\server

VM Arguments:
jvm_args: -Dfile.encoding=UTF-8 --module-path=C:\Users\MINEDUCYT\Documents\Cosas Personales\apps\Swiss Knife\build\classes 
java_command: ventanas.Inicio
java_class_path (initial): C:\Users\MINEDUCYT\Documents\Cosas Personales\apps\VersusTournament\dist\lib\AbsoluteLayout.jar;C:\Users\MINEDUCYT\Downloads\itextpdf-5.5.13.3.jar;C:\Users\MINEDUCYT\Downloads\xmlworker-5.5.13.3.jar;C:\Users\MINEDUCYT\Documents\Cosas Personales\apps\Swiss Knife\build\classes
Launcher Type: SUN_STANDARD

[Global flags]
     intx CICompilerCount                          = 3                                         {product} {ergonomic}
     uint ConcGCThreads                            = 1                                         {product} {ergonomic}
     uint G1ConcRefinementThreads                  = 4                                         {product} {ergonomic}
   size_t G1HeapRegionSize                         = 1048576                                   {product} {ergonomic}
    uintx GCDrainStackTargetSize                   = 64                                        {product} {ergonomic}
   size_t InitialHeapSize                          = 65011712                                  {product} {ergonomic}
   size_t MarkStackSize                            = 4194304                                   {product} {ergonomic}
   size_t MaxHeapSize                              = 1027604480                                {product} {ergonomic}
   size_t MaxNewSize                               = 616562688                                 {product} {ergonomic}
   size_t MinHeapDeltaBytes                        = 1048576                                   {product} {ergonomic}
   size_t MinHeapSize                              = 8388608                                   {product} {ergonomic}
    uintx NonNMethodCodeHeapSize                   = 5832780                                {pd product} {ergonomic}
    uintx NonProfiledCodeHeapSize                  = 122912730                              {pd product} {ergonomic}
    uintx ProfiledCodeHeapSize                     = 122912730                              {pd product} {ergonomic}
    uintx ReservedCodeCacheSize                    = 251658240                              {pd product} {ergonomic}
     bool SegmentedCodeCache                       = true                                      {product} {ergonomic}
   size_t SoftMaxHeapSize                          = 1027604480                             {manageable} {ergonomic}
     bool UseCompressedClassPointers               = true                           {product lp64_product} {ergonomic}
     bool UseCompressedOops                        = true                           {product lp64_product} {ergonomic}
     bool UseG1GC                                  = true                                      {product} {ergonomic}
     bool UseLargePagesIndividualAllocation        = false                                  {pd product} {ergonomic}

Logging:
Log output configuration:
 #0: stdout all=warning uptime,level,tags
 #1: stderr all=off uptime,level,tags

Environment Variables:
JAVA_HOME=C:\Program Files\BellSoft\LibericaJDK-17\
PATH=C:\Ruby32-x64\bin;C:\Program Files\BellSoft\LibericaJDK-17\bin\;C:\Program Files\Common Files\Oracle\Java\javapath;C:\Program Files (x86)\Common Files\Oracle\Java\javapath;"C:\Users\MINEDUCYT\AppData\Roaming\java\bin;";C:\WINDOWS\system32;C:\WINDOWS;C:\WINDOWS\System32\Wbem;C:\WINDOWS\System32\WindowsPowerShell\v1.0\;C:\WINDOWS\System32\OpenSSH\;C:\Program Files\Microsoft SQL Server\130\Tools\Binn\;C:\Program Files\Microsoft SQL Server\Client SDK\ODBC\170\Tools\Binn\;C:\Program Files (x86)\Microsoft SQL Server\150\Tools\Binn\;C:\Program Files\Microsoft SQL Server\150\Tools\Binn\;C:\Program Files\Microsoft SQL Server\150\DTS\Binn\;C:\Program Files (x86)\Microsoft SQL Server\150\DTS\Binn\;C:\Program Files\Azure Data Studio\bin;C:\Program Files\dotnet\;C:\Program Files\nodejs\;C:\Program Files\Git\cmd;C:\Program Files (x86)\Lua\5.1;C:\Program Files (x86)\Lua\5.1\clibs;C:\RailsInstaller\Git\cmd;C:\RailsInstaller\Ruby2.2.0\bin;C:\Users\MINEDUCYT\AppData\Local\Microsoft\WindowsApps;C:\Users\MINEDUCYT\AppData\Local\Programs\Microsoft VS Code\bin;C:\Program Files\Azure Data Studio\bin;C:\Users\MINEDUCYT\.dotnet\tools;C:\Users\MINEDUCYT\AppData\Roaming\npm;C:\xampp\php
USERNAME=MINEDUCYT
OS=Windows_NT
PROCESSOR_IDENTIFIER=Intel64 Family 6 Model 122 Stepping 8, GenuineIntel
TMP=C:\Users\MINEDU~1\AppData\Local\Temp
TEMP=C:\Users\MINEDU~1\AppData\Local\Temp



---------------  S Y S T E M  ---------------

OS:
 Windows 10 , 64 bit Build 19041 (10.0.19041.5072)
OS uptime: 3 days 16:50 hours

CPU: total 4 (initial active 4) (4 cores per cpu, 1 threads per core) family 6 model 122 stepping 8 microcode 0x16, cx8, cmov, fxsr, mmx, 3dnowpref, sse, sse2, sse3, ssse3, sse4.1, sse4.2, popcnt, tsc, tscinvbit, aes, erms, clmul, sha, clflush, clflushopt

Memory: 4k page, system-wide physical 3917M (213M free)
TotalPageFile size 11883M (AvailPageFile size 0M)
current process WorkingSet (physical memory assigned to process): 128M, peak: 130M
current process commit charge ("private bytes"): 177M, peak: 181M

vm_info: OpenJDK 64-Bit Server VM (17.0.7+7-LTS) for windows-amd64 JRE (17.0.7+7-LTS), built on Apr 18 2023 18:14:44 by "" with MS VC++ 15.9 (VS2017)

END.
